{
  "RSpec": {
    "coverage": {
      "/home/abstract-cable-7888/tic-tac-toe-rb-london-whitehat-1905/lib/tic_tac_toe.rb": [
        null,
        1,
        393,
        747,
        null,
        null,
        null,
        1,
        20,
        20,
        null,
        null,
        1,
        24,
        24,
        24,
        24,
        24,
        null,
        null,
        1,
        23,
        null,
        null,
        1,
        138,
        null,
        null,
        1,
        23,
        null,
        null,
        1,
        22,
        null,
        null,
        1,
        21,
        null,
        null,
        1,
        12,
        12,
        5,
        7,
        3,
        null,
        null,
        null,
        1,
        25,
        null,
        null,
        1,
        20,
        20,
        20,
        20,
        19,
        19,
        null,
        1,
        null,
        null,
        null,
        1,
        21,
        21,
        189,
        null,
        21,
        null,
        null,
        1,
        23,
        null,
        null,
        1,
        7,
        7,
        null,
        null,
        1,
        60,
        393,
        18,
        null,
        null,
        null,
        null,
        null,
        null,
        null,
        1,
        null,
        null,
        null,
        null,
        null,
        null,
        null,
        null
      ]
    },
    "timestamp": 1565253992
  }
}
