{
  "RSpec": {
    "coverage": {
      "/Users/alexgyurov/Development/flatiron-school/tic-tac-toe-rb-london-whitehat-1905/lib/tic_tac_toe.rb": [
        null,
        1,
        null,
        null,
        null,
        null,
        null,
        null,
        null,
        null,
        null,
        1,
        4,
        null,
        null,
        1,
        23,
        23,
        23,
        23,
        23,
        null,
        null,
        1,
        43,
        2,
        null,
        null,
        41,
        1,
        null,
        40,
        null,
        null,
        null,
        null,
        null,
        1,
        21,
        21,
        21,
        null,
        null,
        null,
        1,
        22,
        null,
        null,
        1,
        19,
        19,
        19,
        19,
        18,
        18,
        null,
        1,
        null,
        null,
        null,
        1,
        20,
        20,
        180,
        30,
        null,
        null,
        20,
        null,
        null,
        1,
        19,
        14,
        null,
        5,
        null,
        null,
        null,
        null,
        1,
        180,
        4,
        null,
        null,
        null,
        55,
        349,
        16,
        null,
        null,
        333,
        6,
        null,
        null,
        33,
        null,
        null,
        null,
        null,
        1,
        191,
        9,
        null,
        null,
        null,
        null,
        1,
        32,
        8,
        6,
        null,
        null,
        null,
        26,
        null,
        null,
        1,
        20,
        6,
        null,
        null,
        14,
        4,
        null,
        null,
        10,
        10,
        null,
        null,
        null,
        1,
        12,
        null,
        12,
        11,
        11,
        7,
        null,
        null,
        4,
        4,
        null,
        null,
        null,
        null,
        null,
        1,
        12,
        16,
        null,
        12,
        5,
        5,
        7,
        3,
        null,
        null
      ]
    },
    "timestamp": 1556789961
  }
}
